Temp/gradleOut/build/outputs/logs/manifest-merger-release-report.txt
-- Merging decision tree log ---
manifest
ADDED from src\main\AndroidManifest.xml:2:1-41:12
	package
		ADDED from src\main\AndroidManifest.xml:2:70-103
		INJECTED from src\main\AndroidManifest.xml
		INJECTED from src\main\AndroidManifest.xml
	android:versionName
		ADDED from src\main\AndroidManifest.xml:2:151-176
		INJECTED from src\main\AndroidManifest.xml
		INJECTED from src\main\AndroidManifest.xml
	xmlns:tools
		ADDED from src\main\AndroidManifest.xml:2:104-150
	android:versionCode
		ADDED from src\main\AndroidManifest.xml:2:177-200
		INJECTED from src\main\AndroidManifest.xml
		INJECTED from src\main\AndroidManifest.xml
	xmlns:android
		ADDED from src\main\AndroidManifest.xml:2:11-69
	android:installLocation
		ADDED from src\main\AndroidManifest.xml:2:201-241
supports-screens
ADDED from src\main\AndroidManifest.xml:3:3-163
	android:largeScreens
		ADDED from src\main\AndroidManifest.xml:3:78-105
	android:smallScreens
		ADDED from src\main\AndroidManifest.xml:3:21-48
	android:normalScreens
		ADDED from src\main\AndroidManifest.xml:3:49-77
	android:xlargeScreens
		ADDED from src\main\AndroidManifest.xml:3:106-134
	android:anyDensity
		ADDED from src\main\AndroidManifest.xml:3:135-160
application
ADDED from src\main\AndroidManifest.xml:4:3-26:17
MERGED from [:ads-release:] AndroidManifest.xml:14:5-18:19
MERGED from [:animated-vector-drawable-25.3.1:] AndroidManifest.xml:26:5-20
MERGED from [:appcompat-v7-25.3.1:] AndroidManifest.xml:29:5-20
MERGED from [:cardview-v7-25.3.1:] AndroidManifest.xml:26:5-20
MERGED from [:customtabs-25.3.1:] AndroidManifest.xml:26:5-20
MERGED from [:facebook-android-sdk-4.23.0:] AndroidManifest.xml:28:5-50:19
MERGED from [:facebook-android-wrapper-7.10.1:] AndroidManifest.xml:28:5-20
MERGED from [:mapbox-android-telemetry-2-1-0:] AndroidManifest.xml:12:5-14:19
MERGED from [:support-compat-25.3.1:] AndroidManifest.xml:29:5-20
MERGED from [:support-core-ui-25.3.1:] AndroidManifest.xml:29:5-20
MERGED from [:support-core-utils-25.3.1:] AndroidManifest.xml:29:5-20
MERGED from [:support-fragment-25.3.1:] AndroidManifest.xml:29:5-20
MERGED from [:support-media-compat-25.3.1:] AndroidManifest.xml:29:5-20
MERGED from [:support-v4-25.3.1:] AndroidManifest.xml:29:5-20
MERGED from [:support-vector-drawable-25.3.1:] AndroidManifest.xml:26:5-20
MERGED from [:VuforiaWrapper:] AndroidManifest.xml:19:5-25:19
	android:label
		ADDED from src\main\AndroidManifest.xml:4:92-124
	android:debuggable
		ADDED from [:VuforiaWrapper:] AndroidManifest.xml:19:18-44
	android:icon
		ADDED from src\main\AndroidManifest.xml:4:58-91
	android:banner
		ADDED from src\main\AndroidManifest.xml:4:147-184
	android:theme
		ADDED from src\main\AndroidManifest.xml:4:16-57
	android:isGame
		ADDED from src\main\AndroidManifest.xml:4:125-146
activity#com.unity3d.player.UnityPlayerActivity
ADDED from src\main\AndroidManifest.xml:5:5-11:16
	android:screenOrientation
		ADDED from src\main\AndroidManifest.xml:5:102-138
	android:label
		ADDED from src\main\AndroidManifest.xml:5:69-101
	android:launchMode
		ADDED from src\main\AndroidManifest.xml:5:139-170
	android:configChanges
		ADDED from src\main\AndroidManifest.xml:5:171-352
	android:name
		ADDED from src\main\AndroidManifest.xml:5:15-68
intent-filter#android.intent.action.MAIN+android.intent.category.LAUNCHER
ADDED from src\main\AndroidManifest.xml:6:7-9:23
action#android.intent.action.MAIN
ADDED from src\main\AndroidManifest.xml:7:9-61
	android:name
		ADDED from src\main\AndroidManifest.xml:7:17-58
category#android.intent.category.LAUNCHER
ADDED from src\main\AndroidManifest.xml:8:9-69
	android:name
		ADDED from src\main\AndroidManifest.xml:8:19-66
meta-data#unityplayer.UnityActivity
ADDED from src\main\AndroidManifest.xml:10:7-82
	android:value
		ADDED from src\main\AndroidManifest.xml:10:59-79
	android:name
		ADDED from src\main\AndroidManifest.xml:10:18-58
activity#com.facebook.unity.FBUnityLoginActivity
ADDED from src\main\AndroidManifest.xml:12:5-301
	android:configChanges
		ADDED from src\main\AndroidManifest.xml:12:70-227
	android:theme
		ADDED from src\main\AndroidManifest.xml:12:228-298
	android:name
		ADDED from src\main\AndroidManifest.xml:12:15-69
activity#com.facebook.unity.FBUnityDialogsActivity
ADDED from src\main\AndroidManifest.xml:13:5-303
	android:configChanges
		ADDED from src\main\AndroidManifest.xml:13:72-229
	android:theme
		ADDED from src\main\AndroidManifest.xml:13:230-300
	android:name
		ADDED from src\main\AndroidManifest.xml:13:15-71
activity#com.facebook.unity.FBUnityAppLinkActivity
ADDED from src\main\AndroidManifest.xml:14:5-98
	android:exported
		ADDED from src\main\AndroidManifest.xml:14:72-95
	android:name
		ADDED from src\main\AndroidManifest.xml:14:15-71
activity#com.facebook.unity.FBUnityDeepLinkingActivity
ADDED from src\main\AndroidManifest.xml:15:5-102
	android:exported
		ADDED from src\main\AndroidManifest.xml:15:76-99
	android:name
		ADDED from src\main\AndroidManifest.xml:15:15-75
activity#com.facebook.unity.FBUnityGameRequestActivity
ADDED from src\main\AndroidManifest.xml:16:5-78
	android:name
		ADDED from src\main\AndroidManifest.xml:16:15-75
activity#com.facebook.unity.FBUnityCreateGameGroupActivity
ADDED from src\main\AndroidManifest.xml:17:5-82
	android:name
		ADDED from src\main\AndroidManifest.xml:17:15-79
activity#com.facebook.unity.FBUnityJoinGameGroupActivity
ADDED from src\main\AndroidManifest.xml:18:5-80
	android:name
		ADDED from src\main\AndroidManifest.xml:18:15-77
activity#com.facebook.unity.AppInviteDialogActivity
ADDED from src\main\AndroidManifest.xml:19:5-75
	android:name
		ADDED from src\main\AndroidManifest.xml:19:15-72
meta-data#com.facebook.sdk.ApplicationId
ADDED from src\main\AndroidManifest.xml:20:5-98
	android:value
		ADDED from src\main\AndroidManifest.xml:20:62-95
	android:name
		ADDED from src\main\AndroidManifest.xml:20:16-61
provider#com.facebook.FacebookContentProvider
ADDED from src\main\AndroidManifest.xml:21:5-171
	android:authorities
		ADDED from src\main\AndroidManifest.xml:21:67-144
	android:exported
		ADDED from src\main\AndroidManifest.xml:21:145-168
	android:name
		ADDED from src\main\AndroidManifest.xml:21:15-66
meta-data#unity.build-id
ADDED from src\main\AndroidManifest.xml:22:5-101
	android:value
		ADDED from src\main\AndroidManifest.xml:22:46-98
	android:name
		ADDED from src\main\AndroidManifest.xml:22:16-45
meta-data#unity.splash-mode
ADDED from src\main\AndroidManifest.xml:23:5-69
	android:value
		ADDED from src\main\AndroidManifest.xml:23:49-66
	android:name
		ADDED from src\main\AndroidManifest.xml:23:16-48
meta-data#unity.splash-enable
ADDED from src\main\AndroidManifest.xml:24:5-74
	android:value
		ADDED from src\main\AndroidManifest.xml:24:51-71
	android:name
		ADDED from src\main\AndroidManifest.xml:24:16-50
meta-data#android.max_aspect
ADDED from src\main\AndroidManifest.xml:25:5-72
	android:value
		ADDED from src\main\AndroidManifest.xml:25:50-69
	android:name
		ADDED from src\main\AndroidManifest.xml:25:16-49
uses-sdk
ADDED from src\main\AndroidManifest.xml:27:3-72
MERGED from [:ads-release:] AndroidManifest.xml:7:5-9:41
MERGED from [:animated-vector-drawable-25.3.1:] AndroidManifest.xml:20:5-44
MERGED from [:appcompat-v7-25.3.1:] AndroidManifest.xml:21:5-23:78
MERGED from [:cardview-v7-25.3.1:] AndroidManifest.xml:20:5-43
MERGED from [:customtabs-25.3.1:] AndroidManifest.xml:20:5-44
MERGED from [:exoplayer:] AndroidManifest.xml:21:5-23:41
MERGED from [:facebook-android-sdk-4.23.0:] AndroidManifest.xml:24:5-26:41
MERGED from [:facebook-android-wrapper-7.10.1:] AndroidManifest.xml:24:5-26:41
MERGED from [:mapbox-android-telemetry-2-1-0:] AndroidManifest.xml:8:5-10:41
MERGED from [:support-compat-25.3.1:] AndroidManifest.xml:21:5-23:58
MERGED from [:support-core-ui-25.3.1:] AndroidManifest.xml:21:5-23:58
MERGED from [:support-core-utils-25.3.1:] AndroidManifest.xml:21:5-23:61
MERGED from [:support-fragment-25.3.1:] AndroidManifest.xml:21:5-23:60
MERGED from [:support-media-compat-25.3.1:] AndroidManifest.xml:21:5-23:63
MERGED from [:support-v4-25.3.1:] AndroidManifest.xml:21:5-23:54
MERGED from [:support-vector-drawable-25.3.1:] AndroidManifest.xml:20:5-43
MERGED from [:VuforiaWrapper:] AndroidManifest.xml:8:5-10:41
	tools:overrideLibrary
		ADDED from [:appcompat-v7-25.3.1:] AndroidManifest.xml:23:9-75
	android:targetSdkVersion
		ADDED from src\main\AndroidManifest.xml:27:40-69
		INJECTED from src\main\AndroidManifest.xml
		INJECTED from src\main\AndroidManifest.xml
	android:minSdkVersion
		ADDED from src\main\AndroidManifest.xml:27:13-39
uses-feature#0x00020000
ADDED from src\main\AndroidManifest.xml:28:3-52
	android:glEsVersion
		ADDED from src\main\AndroidManifest.xml:28:17-49
uses-permission#android.permission.INTERNET
ADDED from src\main\AndroidManifest.xml:29:3-65
MERGED from [:ads-release:] AndroidManifest.xml:11:5-67
MERGED from [:mapbox-android-telemetry-2-1-0:] AndroidManifest.xml:16:5-67
MERGED from [:VuforiaWrapper:] AndroidManifest.xml:14:5-67
	android:name
		ADDED from src\main\AndroidManifest.xml:29:20-62
uses-permission#android.permission.ACCESS_NETWORK_STATE
ADDED from src\main\AndroidManifest.xml:30:3-77
MERGED from [:ads-release:] AndroidManifest.xml:12:5-79
MERGED from [:mapbox-android-telemetry-2-1-0:] AndroidManifest.xml:19:5-78
MERGED from [:VuforiaWrapper:] AndroidManifest.xml:16:5-79
	android:name
		ADDED from src\main\AndroidManifest.xml:30:20-74
uses-permission#android.permission.ACCESS_FINE_LOCATION
ADDED from src\main\AndroidManifest.xml:31:3-77
MERGED from [:mapbox-android-telemetry-2-1-0:] AndroidManifest.xml:17:5-79
	android:name
		ADDED from src\main\AndroidManifest.xml:31:20-74
uses-feature#android.hardware.location.gps
ADDED from src\main\AndroidManifest.xml:32:3-89
	android:required
		ADDED from src\main\AndroidManifest.xml:32:62-86
	android:name
		ADDED from src\main\AndroidManifest.xml:32:17-61
uses-feature#android.hardware.location
ADDED from src\main\AndroidManifest.xml:33:3-85
	android:required
		ADDED from src\main\AndroidManifest.xml:33:58-82
	android:name
		ADDED from src\main\AndroidManifest.xml:33:17-57
uses-permission#android.permission.CAMERA
ADDED from src\main\AndroidManifest.xml:34:3-63
MERGED from [:VuforiaWrapper:] AndroidManifest.xml:15:5-65
	android:name
		ADDED from src\main\AndroidManifest.xml:34:20-60
uses-feature#android.hardware.camera
ADDED from src\main\AndroidManifest.xml:35:3-83
MERGED from [:VuforiaWrapper:] AndroidManifest.xml:12:5-60
	android:required
		ADDED from src\main\AndroidManifest.xml:35:56-80
		MERGED from src\main\AndroidManifest.xml:35:56-80
	android:name
		ADDED from src\main\AndroidManifest.xml:35:17-55
uses-feature#android.hardware.camera.autofocus
ADDED from src\main\AndroidManifest.xml:36:3-93
	android:required
		ADDED from src\main\AndroidManifest.xml:36:66-90
	android:name
		ADDED from src\main\AndroidManifest.xml:36:17-65
uses-feature#android.hardware.camera.front
ADDED from src\main\AndroidManifest.xml:37:3-89
	android:required
		ADDED from src\main\AndroidManifest.xml:37:62-86
	android:name
		ADDED from src\main\AndroidManifest.xml:37:17-61
uses-feature#android.hardware.touchscreen
ADDED from src\main\AndroidManifest.xml:38:3-88
	android:required
		ADDED from src\main\AndroidManifest.xml:38:61-85
	android:name
		ADDED from src\main\AndroidManifest.xml:38:17-60
uses-feature#android.hardware.touchscreen.multitouch
ADDED from src\main\AndroidManifest.xml:39:3-99
	android:required
		ADDED from src\main\AndroidManifest.xml:39:72-96
	android:name
		ADDED from src\main\AndroidManifest.xml:39:17-71
uses-feature#android.hardware.touchscreen.multitouch.distinct
ADDED from src\main\AndroidManifest.xml:40:3-108
	android:required
		ADDED from src\main\AndroidManifest.xml:40:81-105
	android:name
		ADDED from src\main\AndroidManifest.xml:40:17-80
activity#com.facebook.ads.AudienceNetworkActivity
ADDED from [:ads-release:] AndroidManifest.xml:15:9-17:77
	android:configChanges
		ADDED from [:ads-release:] AndroidManifest.xml:17:13-74
	android:name
		ADDED from [:ads-release:] AndroidManifest.xml:16:13-68
meta-data#android.support.VERSION
ADDED from [:animated-vector-drawable-25.3.1:] AndroidManifest.xml:22:5-24:34
MERGED from [:appcompat-v7-25.3.1:] AndroidManifest.xml:25:5-27:34
MERGED from [:cardview-v7-25.3.1:] AndroidManifest.xml:22:5-24:34
MERGED from [:customtabs-25.3.1:] AndroidManifest.xml:22:5-24:34
MERGED from [:support-compat-25.3.1:] AndroidManifest.xml:25:5-27:34
MERGED from [:support-core-ui-25.3.1:] AndroidManifest.xml:25:5-27:34
MERGED from [:support-core-utils-25.3.1:] AndroidManifest.xml:25:5-27:34
MERGED from [:support-fragment-25.3.1:] AndroidManifest.xml:25:5-27:34
MERGED from [:support-media-compat-25.3.1:] AndroidManifest.xml:25:5-27:34
MERGED from [:support-v4-25.3.1:] AndroidManifest.xml:25:5-27:34
MERGED from [:support-vector-drawable-25.3.1:] AndroidManifest.xml:22:5-24:34
	android:value
		ADDED from [:animated-vector-drawable-25.3.1:] AndroidManifest.xml:24:9-31
	android:name
		ADDED from [:animated-vector-drawable-25.3.1:] AndroidManifest.xml:23:9-47
activity#com.facebook.FacebookActivity
ADDED from [:facebook-android-sdk-4.23.0:] AndroidManifest.xml:29:9-32:66
	android:configChanges
		ADDED from [:facebook-android-sdk-4.23.0:] AndroidManifest.xml:31:13-96
	android:theme
		ADDED from [:facebook-android-sdk-4.23.0:] AndroidManifest.xml:32:13-63
	android:name
		ADDED from [:facebook-android-sdk-4.23.0:] AndroidManifest.xml:30:13-57
activity#com.facebook.CustomTabMainActivity
ADDED from [:facebook-android-sdk-4.23.0:] AndroidManifest.xml:33:9-71
	android:name
		ADDED from [:facebook-android-sdk-4.23.0:] AndroidManifest.xml:33:19-68
service#com.mapbox.services.android.telemetry.service.TelemetryService
ADDED from [:mapbox-android-telemetry-2-1-0:] AndroidManifest.xml:13:9-97
	android:name
		ADDED from [:mapbox-android-telemetry-2-1-0:] AndroidManifest.xml:13:18-95
uses-permission#android.permission.ACCESS_COARSE_LOCATION
ADDED from [:mapbox-android-telemetry-2-1-0:] AndroidManifest.xml:18:5-80
	android:name
		ADDED from [:mapbox-android-telemetry-2-1-0:] AndroidManifest.xml:18:22-78
uses-permission#android.permission.WRITE_EXTERNAL_STORAGE
ADDED from [:VuforiaWrapper:] AndroidManifest.xml:17:5-81
	android:name
		ADDED from [:VuforiaWrapper:] AndroidManifest.xml:17:22-78
uses-library#com.osterhoutgroup.api.ext
ADDED from [:VuforiaWrapper:] AndroidManifest.xml:22:9-24:40
	android:required
		ADDED from [:VuforiaWrapper:] AndroidManifest.xml:24:13-37
	android:name
		ADDED from [:VuforiaWrapper:] AndroidManifest.xml:23:13-54
uses-permission#android.permission.READ_EXTERNAL_STORAGE
IMPLIED from src\main\AndroidManifest.xml:2:1-41:12 reason: com.unity3d.player requested WRITE_EXTERNAL_STORAGE